<?xml version="1.0" encoding="UTF-8"?>
<!-- Generated by org.testng.reporters.JUnitReportReporter -->
<testsuite hostname="LAPTOP-5D2VBBGP" failures="0" tests="6" name="api.test.DDtests" time="11.401" errors="0" timestamp="2024-08-14T12:16:01 IST" skipped="0">
  <testcase classname="api.test.DDtests" name="testPostUser" time="3.278"/>
  <testcase classname="api.test.DDtests" name="testPostUser" time="1.374"/>
  <testcase classname="api.test.DDtests" name="testPostUser" time="1.484"/>
  <testcase classname="api.test.DDtests" name="testDeleteUserByName" time="1.848"/>
  <testcase classname="api.test.DDtests" name="testDeleteUserByName" time="1.907"/>
  <testcase classname="api.test.DDtests" name="testDeleteUserByName" time="1.510"/>
</testsuite> <!-- api.test.DDtests -->
